<?xml version="1.0" encoding="UTF-8"?>
<robot generator="Robot 4.1.1 (Python 3.7.5 on win32)" generated="20211011 05:43:55.915" rpa="false" schemaversion="2">
<suite id="s1" name="Robot Interactive Console" source="c:\Users\cheta\.vscode\extensions\robocorp.robotframework-lsp-0.23.2\src\robotframework_ls\vendored\robotframework_interactive\robot_interactive_console.robot">
<test id="s1-t1" name="Default Task/Test">
<kw name="Interpreter Main Loop" library="MainLoop">
<kw name="Log" library="BuiltIn">
<arg>Done.</arg>
<doc>Logs the given message with the given level.</doc>
<status status="PASS" starttime="20211011 05:44:11.157" endtime="20211011 05:44:11.158"/>
</kw>
<status status="PASS" starttime="20211011 05:43:56.019" endtime="20211011 05:45:51.314"/>
</kw>
<status status="PASS" starttime="20211011 05:43:56.017" endtime="20211011 05:45:51.315"/>
</test>
<status status="PASS" starttime="20211011 05:43:55.919" endtime="20211011 05:45:51.318"/>
</suite>
<statistics>
<total>
<stat pass="1" fail="0" skip="0">All Tests</stat>
</total>
<tag>
</tag>
<suite>
<stat pass="1" fail="0" skip="0" id="s1" name="Robot Interactive Console">Robot Interactive Console</stat>
</suite>
</statistics>
<errors>
</errors>
</robot>
